<?xml version="1.0" encoding="UTF-8"?>
<!-- Generated by org.testng.reporters.JUnitReportReporter -->
<testsuite hostname="MOFALUZONR" name="test.prueba.PruebaLogin" tests="1" failures="0" timestamp="29 Jan 2018 19:59:39 GMT" time="21.270" errors="0">
  <testcase name="f" time="21.270" classname="test.prueba.PruebaLogin"/>
</testsuite> <!-- test.prueba.PruebaLogin -->
